<?xml version="1.0" encoding="UTF-8"?>
<!-- Generated by org.testng.reporters.JUnitReportReporter -->
<testsuite hostname="Girish" failures="0" tests="1" name="OnlyForQA.Deleterequest" time="3.177" errors="0" timestamp="2024-06-01T16:30:55 IST" skipped="0">
  <testcase classname="OnlyForQA.Deleterequest" name="DeleteBooking" time="3.177"/>
  <system-out/>
</testsuite> <!-- OnlyForQA.Deleterequest -->
