<?xml version="1.0" encoding="UTF-8"?>
<!-- Generated by org.testng.reporters.JUnitReportReporter -->
<testsuite hostname="Girish" failures="0" tests="2" name="JsonManipulation.dataParameterization" time="4.518" errors="0" timestamp="2024-06-02T11:21:07 IST" skipped="0">
  <testcase classname="JsonManipulation.dataParameterization" name="testCreateBooking" time="3.082"/>
  <system-out/>
  <testcase classname="JsonManipulation.dataParameterization" name="testCreateBooking" time="1.436"/>
  <system-out/>
</testsuite> <!-- JsonManipulation.dataParameterization -->
