<?xml version="1.0" encoding="UTF-8"?>
<!-- Generated by org.testng.reporters.JUnitReportReporter -->
<testsuite hostname="Girish" failures="0" tests="4" name="OnlyForQA.MultipleApiIntegrationTest" time="7.154" errors="0" timestamp="2024-06-01T19:00:25 IST" skipped="0">
  <testcase classname="OnlyForQA.MultipleApiIntegrationTest" name="testCreateBooking" time="2.796"/>
  <system-out/>
  <testcase classname="OnlyForQA.MultipleApiIntegrationTest" name="testGetBookingDetails" time="1.432"/>
  <system-out/>
  <testcase classname="OnlyForQA.MultipleApiIntegrationTest" name="updateUser" time="1.481"/>
  <system-out/>
  <testcase classname="OnlyForQA.MultipleApiIntegrationTest" name="DeleteBooking" time="1.445"/>
  <system-out/>
</testsuite> <!-- OnlyForQA.MultipleApiIntegrationTest -->
