<?xml version="1.0" encoding="UTF-8"?>
<!-- Generated by org.testng.reporters.JUnitReportReporter -->
<testsuite hostname="Girish" failures="0" tests="1" name="demo.Get_Request" time="3.733" errors="0" timestamp="2024-06-01T11:37:49 IST" skipped="0">
  <testcase classname="demo.Get_Request" name="GetBooksDetails" time="3.733"/>
  <system-out/>
</testsuite> <!-- demo.Get_Request -->
