<?xml version="1.0" encoding="UTF-8"?>
<!-- Generated by org.testng.reporters.JUnitReportReporter -->
<testsuite hostname="Girish" failures="0" tests="4" name="api.tests.BookingTest" time="11.493" errors="0" timestamp="2024-06-01T15:56:25 IST" skipped="0">
  <testcase classname="api.tests.BookingTest" name="createBooking" time="1.493"/>
  <system-out/>
  <testcase classname="api.tests.BookingTest" name="deleteBooking" time="3.811"/>
  <system-out/>
  <testcase classname="api.tests.BookingTest" name="updateBooking" time="3.684"/>
  <system-out/>
  <testcase classname="api.tests.BookingTest" name="getBooking" time="2.505"/>
  <system-out/>
</testsuite> <!-- api.tests.BookingTest -->
