<?xml version="1.0" encoding="UTF-8"?>
<!-- Generated by org.testng.reporters.JUnitReportReporter -->
<testsuite hostname="Girish" failures="0" tests="1" name="OnlyForQA.CreateBooking" time="9.305" errors="0" timestamp="2024-06-01T16:21:27 IST" skipped="0">
  <testcase classname="OnlyForQA.CreateBooking" name="createBooking" time="9.305"/>
  <system-out/>
</testsuite> <!-- OnlyForQA.CreateBooking -->
