<?xml version="1.0" encoding="UTF-8"?>
<!-- Generated by org.testng.reporters.JUnitReportReporter -->
<testsuite hostname="Girish" failures="0" tests="1" name="JsonManipulation.oAuthSimplified" time="2.982" errors="0" timestamp="2024-06-02T19:33:09 IST" skipped="0">
  <testcase classname="JsonManipulation.oAuthSimplified" name="testOAuth2Authentication" time="2.982"/>
  <system-out/>
</testsuite> <!-- JsonManipulation.oAuthSimplified -->
